<?xml version="1.0" encoding="UTF-8"?>
<!-- Generated by org.testng.reporters.JUnitReportReporter -->
<testsuite skipped="0" hostname="hp-PC" name="com.trackx.truelocate.flow.LoginFLow" tests="1" failures="0" timestamp="09 Nov 2017 08:45:13 GMT" time="11.250" errors="0">
  <testcase name="LoginFlow" time="11.250" classname="com.trackx.truelocate.flow.LoginFLow"/>
</testsuite> <!-- com.trackx.truelocate.flow.LoginFLow -->
