<?xml version="1.0" encoding="UTF-8"?>
<!-- Generated by org.testng.reporters.JUnitReportReporter -->
<testsuite skipped="0" hostname="DESKTOP-9FJDGC5" name="com.trackx.truelocate.flow.UserCreateFlow" tests="2" failures="0" timestamp="10 Nov 2017 13:30:44 GMT" time="43.998" errors="0">
  <testcase name="siteclickflow" time="14.906" classname="com.trackx.truelocate.flow.UserCreateFlow"/>
  <testcase name="userCreationFlow" time="29.092" classname="com.trackx.truelocate.flow.UserCreateFlow"/>
</testsuite> <!-- com.trackx.truelocate.flow.UserCreateFlow -->
