<?xml version="1.0" encoding="UTF-8"?>
<!-- Generated by org.testng.reporters.JUnitReportReporter -->
<testsuite skipped="0" hostname="hp-PC" name="com.trackx.truelocate.flow.SiteCreateFlow" tests="2" failures="0" timestamp="08 Nov 2017 10:11:37 GMT" time="39.866" errors="0">
  <testcase name="siteclickflow" time="15.557" classname="com.trackx.truelocate.flow.SiteCreateFlow"/>
  <testcase name="siteCreationFlow" time="24.309" classname="com.trackx.truelocate.flow.SiteCreateFlow"/>
</testsuite> <!-- com.trackx.truelocate.flow.SiteCreateFlow -->
