<?xml version="1.0" encoding="UTF-8"?>
<!-- Generated by org.testng.reporters.JUnitReportReporter -->
<testsuite skipped="0" hostname="hp-PC" name="com.trackx.truelocate.flow.SiteEditFlow" tests="2" failures="0" timestamp="08 Nov 2017 14:48:30 GMT" time="32.649" errors="0">
  <testcase name="LoginFlow" time="14.293" classname="com.trackx.truelocate.flow.SiteEditFlow"/>
  <testcase name="siteEditFlow" time="18.356" classname="com.trackx.truelocate.flow.SiteEditFlow"/>
</testsuite> <!-- com.trackx.truelocate.flow.SiteEditFlow -->
