<?xml version="1.0" encoding="UTF-8"?>
<!-- Generated by org.testng.reporters.JUnitReportReporter -->
<testsuite hostname="hp-PC" name="com.trackx.truelocate.flow.LoginFLow" tests="1" failures="0" timestamp="9 Nov 2017 08:51:44 GMT" time="11.147" errors="0">
  <testcase name="LoginFlow" time="11.147" classname="com.trackx.truelocate.flow.LoginFLow"/>
</testsuite> <!-- com.trackx.truelocate.flow.LoginFLow -->
