<?xml version="1.0" encoding="UTF-8"?>
<!-- Generated by org.testng.reporters.JUnitReportReporter -->
<testsuite hostname="hp-PC" name="com.trackx.truelocate.flow.SiteEditFlow" tests="2" failures="0" timestamp="9 Nov 2017 08:37:28 GMT" time="48.956" errors="0">
  <testcase name="siteEditFlow" time="37.732" classname="com.trackx.truelocate.flow.SiteEditFlow"/>
  <testcase name="LoginFlow" time="11.224" classname="com.trackx.truelocate.flow.SiteEditFlow"/>
</testsuite> <!-- com.trackx.truelocate.flow.SiteEditFlow -->
